TN:
SF:src\command.ts
FN:12,(anonymous_0)
FN:16,(anonymous_1)
FN:129,(anonymous_2)
FN:130,(anonymous_3)
FNF:4
FNH:0
FNDA:0,(anonymous_0)
FNDA:0,(anonymous_1)
FNDA:0,(anonymous_2)
FNDA:0,(anonymous_3)
DA:3,0
DA:6,0
DA:8,0
DA:9,0
DA:10,0
DA:12,0
DA:13,0
DA:16,0
DA:25,0
DA:27,0
DA:28,0
DA:38,0
DA:39,0
DA:43,0
DA:44,0
DA:48,0
DA:51,0
DA:52,0
DA:55,0
DA:56,0
DA:59,0
DA:60,0
DA:61,0
DA:62,0
DA:64,0
DA:69,0
DA:75,0
DA:81,0
DA:82,0
DA:84,0
DA:95,0
DA:100,0
DA:105,0
DA:107,0
DA:123,0
DA:125,0
DA:127,0
DA:129,0
DA:130,0
DA:131,0
DA:132,0
DA:136,0
DA:139,0
DA:141,0
LF:44
LH:0
BRDA:12,0,0,0
BRDA:12,0,1,0
BRDA:38,1,0,0
BRDA:43,2,0,0
BRF:4
BRH:0
end_of_record
TN:
SF:src\format-detector.ts
FN:9,(anonymous_0)
FNF:1
FNH:0
FNDA:0,(anonymous_0)
DA:1,1
DA:2,1
DA:7,1
DA:9,1
DA:10,0
DA:13,0
DA:18,0
DA:19,0
DA:22,0
DA:24,0
DA:25,0
DA:28,0
LF:12
LH:4
BRDA:13,0,0,0
BRDA:13,0,1,0
BRDA:13,0,2,0
BRDA:18,1,0,0
BRDA:24,2,0,0
BRF:5
BRH:0
end_of_record
TN:
SF:src\iframe-message-buffer.ts
FN:8,(anonymous_0)
FNF:1
FNH:0
FNDA:0,(anonymous_0)
DA:8,0
DA:9,0
LF:2
LH:0
BRF:0
BRH:0
end_of_record
TN:
SF:src\index.ts
FN:41,(anonymous_0)
FN:57,(anonymous_1)
FN:90,(anonymous_2)
FNF:3
FNH:0
FNDA:0,(anonymous_0)
FNDA:0,(anonymous_1)
FNDA:0,(anonymous_2)
DA:5,0
DA:6,0
DA:7,0
DA:8,0
DA:9,0
DA:10,0
DA:11,0
DA:12,0
DA:13,0
DA:14,0
DA:15,0
DA:16,0
DA:17,0
DA:18,0
DA:19,0
DA:21,0
DA:25,0
DA:53,0
DA:56,0
DA:57,0
DA:60,0
DA:61,0
DA:62,0
DA:65,0
DA:66,0
DA:68,0
DA:69,0
DA:79,0
DA:87,0
DA:90,0
DA:94,0
LF:31
LH:0
BRDA:60,0,0,0
BRF:1
BRH:0
end_of_record
TN:
SF:src\known-widget.ts
FN:1,(anonymous_0)
FNF:1
FNH:0
FNDA:0,(anonymous_0)
DA:1,0
DA:5,0
DA:6,0
DA:7,0
DA:8,0
DA:9,0
DA:10,0
DA:11,0
DA:12,0
DA:13,0
DA:14,0
DA:15,0
LF:12
LH:0
BRDA:1,0,0,0
BRDA:1,0,1,0
BRF:2
BRH:0
end_of_record
TN:
SF:src\mode.ts
FN:1,(anonymous_0)
FN:7,(anonymous_1)
FNF:2
FNH:0
FNDA:0,(anonymous_0)
FNDA:0,(anonymous_1)
DA:1,0
DA:2,0
DA:3,0
DA:4,0
DA:7,0
DA:9,0
DA:10,0
DA:12,0
LF:8
LH:0
BRDA:1,0,0,0
BRDA:1,0,1,0
BRDA:10,1,0,0
BRDA:10,1,1,0
BRDA:10,2,0,0
BRDA:10,2,1,0
BRDA:12,3,0,0
BRDA:12,3,1,0
BRDA:12,4,0,0
BRDA:12,4,1,0
BRF:10
BRH:0
end_of_record
TN:
SF:src\notebook-runner-state.ts
FN:45,(anonymous_0)
FN:32,(anonymous_1)
FN:35,(anonymous_2)
FN:208,(anonymous_3)
FN:227,(anonymous_4)
FN:248,(anonymous_5)
FN:253,(anonymous_6)
FN:254,(anonymous_7)
FN:255,(anonymous_8)
FN:259,(anonymous_9)
FN:263,(anonymous_10)
FN:58,(anonymous_11)
FN:66,(anonymous_12)
FN:67,(anonymous_13)
FN:70,(anonymous_14)
FN:95,(anonymous_15)
FN:112,(anonymous_16)
FN:113,(anonymous_17)
FN:139,(anonymous_18)
FN:141,(anonymous_19)
FN:143,(anonymous_20)
FN:145,(anonymous_21)
FN:151,(anonymous_22)
FN:182,(anonymous_23)
FN:188,(anonymous_24)
FNF:25
FNH:0
FNDA:0,(anonymous_0)
FNDA:0,(anonymous_1)
FNDA:0,(anonymous_2)
FNDA:0,(anonymous_3)
FNDA:0,(anonymous_4)
FNDA:0,(anonymous_5)
FNDA:0,(anonymous_6)
FNDA:0,(anonymous_7)
FNDA:0,(anonymous_8)
FNDA:0,(anonymous_9)
FNDA:0,(anonymous_10)
FNDA:0,(anonymous_11)
FNDA:0,(anonymous_12)
FNDA:0,(anonymous_13)
FNDA:0,(anonymous_14)
FNDA:0,(anonymous_15)
FNDA:0,(anonymous_16)
FNDA:0,(anonymous_17)
FNDA:0,(anonymous_18)
FNDA:0,(anonymous_19)
FNDA:0,(anonymous_20)
FNDA:0,(anonymous_21)
FNDA:0,(anonymous_22)
FNDA:0,(anonymous_23)
FNDA:0,(anonymous_24)
DA:2,0
DA:10,0
DA:15,0
DA:25,0
DA:29,0
DA:31,0
DA:34,0
DA:36,0
DA:43,0
DA:46,0
DA:47,0
DA:48,0
DA:49,0
DA:51,0
DA:59,0
DA:67,0
DA:71,0
DA:73,0
DA:74,0
DA:76,0
DA:77,0
DA:90,0
DA:91,0
DA:93,0
DA:95,0
DA:96,0
DA:101,0
DA:102,0
DA:105,0
DA:107,0
DA:109,0
DA:111,0
DA:112,0
DA:113,0
DA:114,0
DA:116,0
DA:117,0
DA:119,0
DA:122,0
DA:123,0
DA:141,0
DA:143,0
DA:144,0
DA:145,0
DA:152,0
DA:154,0
DA:155,0
DA:164,0
DA:165,0
DA:167,0
DA:168,0
DA:178,0
DA:179,0
DA:183,0
DA:185,0
DA:189,0
DA:191,0
DA:192,0
DA:196,0
DA:199,0
DA:203,0
DA:205,0
DA:208,0
DA:212,0
DA:224,0
DA:227,0
DA:231,0
DA:248,0
DA:253,0
DA:254,0
DA:255,0
DA:256,0
DA:257,0
DA:259,0
DA:260,0
DA:263,0
DA:264,0
DA:265,0
DA:267,0
DA:268,0
DA:269,0
DA:272,0
DA:277,0
DA:279,0
DA:283,0
LF:85
LH:0
BRDA:49,0,0,0
BRDA:268,1,0,0
BRDA:111,2,0,0
BRDA:117,3,0,0
BRDA:117,3,1,0
BRDA:117,4,0,0
BRDA:117,4,1,0
BRDA:191,5,0,0
BRDA:191,5,1,0
BRDA:191,6,0,0
BRDA:191,6,1,0
BRF:11
BRH:0
end_of_record
TN:
SF:src\notifications.ts
FN:3,(anonymous_0)
FN:7,(anonymous_1)
FNF:2
FNH:0
FNDA:0,(anonymous_0)
FNDA:0,(anonymous_1)
DA:1,0
DA:3,0
DA:4,0
DA:7,0
DA:8,0
LF:5
LH:0
BRF:0
BRH:0
end_of_record
TN:
SF:src\packages.ts
FN:10,(anonymous_0)
FN:11,(anonymous_1)
FN:12,(anonymous_2)
FN:71,(anonymous_3)
FN:81,(anonymous_4)
FN:86,(anonymous_5)
FN:90,(anonymous_6)
FN:98,(anonymous_7)
FN:113,(anonymous_8)
FNF:9
FNH:0
FNDA:0,(anonymous_0)
FNDA:0,(anonymous_1)
FNDA:0,(anonymous_2)
FNDA:0,(anonymous_3)
FNDA:0,(anonymous_4)
FNDA:0,(anonymous_5)
FNDA:0,(anonymous_6)
FNDA:0,(anonymous_7)
FNDA:0,(anonymous_8)
DA:5,0
DA:6,0
DA:7,0
DA:10,0
DA:11,0
DA:12,0
DA:13,0
DA:15,0
DA:16,0
DA:17,0
DA:18,0
DA:22,0
DA:23,0
DA:28,0
DA:32,0
DA:33,0
DA:34,0
DA:36,0
DA:42,0
DA:46,0
DA:47,0
DA:48,0
DA:50,0
DA:55,0
DA:60,0
DA:62,0
DA:71,0
DA:76,0
DA:81,0
DA:86,0
DA:87,0
DA:90,0
DA:92,0
DA:94,0
DA:98,0
DA:101,0
DA:102,0
DA:113,0
DA:116,0
DA:117,0
DA:133,0
DA:134,0
DA:161,0
DA:162,0
DA:180,0
DA:181,0
LF:46
LH:0
BRDA:13,0,0,0
BRDA:13,0,1,0
BRDA:15,1,0,0
BRDA:15,1,1,0
BRDA:17,2,0,0
BRDA:17,2,1,0
BRDA:22,3,0,0
BRDA:22,3,1,0
BRDA:36,4,0,0
BRDA:39,5,0,0
BRDA:39,5,1,0
BRF:11
BRH:0
end_of_record
TN:
SF:src\task-format.ts
FN:1,(anonymous_0)
FNF:1
FNH:1
FNDA:2,(anonymous_0)
DA:1,2
DA:2,2
DA:3,2
DA:6,2
DA:16,2
LF:5
LH:5
BRDA:1,0,0,2
BRDA:1,0,1,2
BRF:2
BRH:2
end_of_record
TN:
SF:src\task-importer.ts
FN:38,(anonymous_1)
FN:43,(anonymous_2)
FN:93,(anonymous_3)
FN:141,(anonymous_4)
FN:176,(anonymous_5)
FN:187,(anonymous_6)
FN:193,(anonymous_7)
FN:197,(anonymous_8)
FNF:8
FNH:0
FNDA:0,(anonymous_1)
FNDA:0,(anonymous_2)
FNDA:0,(anonymous_3)
FNDA:0,(anonymous_4)
FNDA:0,(anonymous_5)
FNDA:0,(anonymous_6)
FNDA:0,(anonymous_7)
FNDA:0,(anonymous_8)
DA:1,0
DA:2,0
DA:8,0
DA:38,0
DA:39,0
DA:40,0
DA:43,0
DA:47,0
DA:49,0
DA:51,0
DA:53,0
DA:54,0
DA:56,0
DA:59,0
DA:61,0
DA:64,0
DA:66,0
DA:68,0
DA:71,0
DA:72,0
DA:73,0
DA:75,0
DA:83,0
DA:84,0
DA:87,0
DA:90,0
DA:93,0
DA:96,0
DA:98,0
DA:103,0
DA:108,0
DA:113,0
DA:114,0
DA:125,0
DA:126,0
DA:127,0
DA:128,0
DA:130,0
DA:141,0
DA:144,0
DA:146,0
DA:151,0
DA:152,0
DA:159,0
DA:160,0
DA:164,0
DA:165,0
DA:167,0
DA:176,0
DA:178,0
DA:179,0
DA:180,0
DA:182,0
DA:184,0
DA:187,0
DA:191,0
DA:192,0
DA:193,0
DA:197,0
DA:201,0
DA:202,0
LF:61
LH:0
BRDA:38,0,0,0
BRDA:38,0,1,0
BRDA:49,1,0,0
BRDA:49,1,1,0
BRDA:54,2,0,0
BRDA:59,3,0,0
BRDA:66,4,0,0
BRDA:83,5,0,0
BRDA:98,6,0,0
BRDA:98,6,1,0
BRDA:98,7,0,0
BRDA:98,7,1,0
BRDA:103,8,0,0
BRDA:103,8,1,0
BRDA:103,9,0,0
BRDA:103,9,1,0
BRDA:108,10,0,0
BRDA:108,10,1,0
BRDA:108,11,0,0
BRDA:108,11,1,0
BRDA:113,12,0,0
BRDA:113,13,0,0
BRDA:113,13,1,0
BRDA:113,13,2,0
BRDA:146,14,0,0
BRDA:146,14,1,0
BRDA:146,15,0,0
BRDA:146,15,1,0
BRDA:151,16,0,0
BRDA:202,17,0,0
BRDA:202,17,1,0
BRF:31
BRH:0
end_of_record
TN:
SF:src\translator.ts
FN:25,(anonymous_0)
FN:27,(anonymous_1)
FN:40,(anonymous_2)
FN:47,(anonymous_3)
FN:51,(anonymous_4)
FN:55,(anonymous_5)
FNF:6
FNH:0
FNDA:0,(anonymous_0)
FNDA:0,(anonymous_1)
FNDA:0,(anonymous_2)
FNDA:0,(anonymous_3)
FNDA:0,(anonymous_4)
FNDA:0,(anonymous_5)
DA:2,0
DA:3,0
DA:4,0
DA:6,0
DA:11,0
DA:24,0
DA:25,0
DA:28,0
DA:29,0
DA:32,0
DA:36,0
DA:38,0
DA:40,0
DA:44,0
DA:48,0
DA:52,0
DA:57,0
DA:61,0
LF:18
LH:0
BRDA:28,0,0,0
BRDA:28,0,1,0
BRDA:28,1,0,0
BRDA:28,1,1,0
BRDA:29,2,0,0
BRDA:29,2,1,0
BRDA:29,3,0,0
BRDA:29,3,1,0
BRDA:32,4,0,0
BRDA:32,4,1,0
BRDA:32,5,0,0
BRDA:32,5,1,0
BRDA:32,6,0,0
BRDA:32,6,1,0
BRDA:32,7,0,0
BRDA:32,7,1,0
BRDA:36,8,0,0
BRDA:40,9,0,0
BRDA:40,9,1,0
BRDA:40,10,0,0
BRDA:40,10,1,0
BRDA:57,11,0,0
BRDA:57,11,1,0
BRDA:59,12,0,0
BRDA:59,12,1,0
BRDA:59,13,0,0
BRDA:59,13,1,0
BRDA:59,14,0,0
BRDA:59,14,1,0
BRDA:59,15,0,0
BRDA:59,15,1,0
BRF:31
BRH:0
end_of_record
TN:
SF:src\user-interface.ts
FN:38,(anonymous_0)
FN:48,(anonymous_1)
FN:73,(anonymous_2)
FN:77,(anonymous_3)
FN:98,(anonymous_4)
FN:105,(anonymous_5)
FN:107,(anonymous_6)
FN:111,(anonymous_7)
FN:127,(anonymous_8)
FNF:9
FNH:0
FNDA:0,(anonymous_0)
FNDA:0,(anonymous_1)
FNDA:0,(anonymous_2)
FNDA:0,(anonymous_3)
FNDA:0,(anonymous_4)
FNDA:0,(anonymous_5)
FNDA:0,(anonymous_6)
FNDA:0,(anonymous_7)
FNDA:0,(anonymous_8)
DA:6,0
DA:7,0
DA:8,0
DA:10,0
DA:17,0
DA:38,0
DA:39,0
DA:40,0
DA:41,0
DA:42,0
DA:48,0
DA:55,0
DA:57,0
DA:59,0
DA:61,0
DA:62,0
DA:66,0
DA:68,0
DA:70,0
DA:73,0
DA:74,0
DA:76,0
DA:77,0
DA:83,0
DA:85,0
DA:86,0
DA:89,0
DA:98,0
DA:99,0
DA:104,0
DA:106,0
DA:108,0
DA:112,0
DA:116,0
DA:122,0
DA:128,0
LF:36
LH:0
BRDA:41,0,0,0
BRDA:55,1,0,0
BRDA:81,2,0,0
BRDA:83,3,0,0
BRDA:83,3,1,0
BRDA:85,4,0,0
BRDA:85,5,0,0
BRDA:85,5,1,0
BRDA:108,6,0,0
BRDA:108,6,1,0
BRF:10
BRH:0
end_of_record
TN:
SF:src\utils.ts
FN:10,(anonymous_0)
FN:15,(anonymous_1)
FN:27,(anonymous_2)
FN:38,(anonymous_3)
FN:47,(anonymous_4)
FN:56,(anonymous_5)
FN:76,(anonymous_6)
FN:86,(anonymous_7)
FN:87,(anonymous_8)
FN:105,(anonymous_9)
FN:149,(anonymous_10)
FN:156,(anonymous_11)
FN:175,(anonymous_12)
FN:195,(anonymous_13)
FNF:14
FNH:0
FNDA:0,(anonymous_0)
FNDA:0,(anonymous_1)
FNDA:0,(anonymous_2)
FNDA:0,(anonymous_3)
FNDA:0,(anonymous_4)
FNDA:0,(anonymous_5)
FNDA:0,(anonymous_6)
FNDA:0,(anonymous_7)
FNDA:0,(anonymous_8)
FNDA:0,(anonymous_9)
FNDA:0,(anonymous_10)
FNDA:0,(anonymous_11)
FNDA:0,(anonymous_12)
FNDA:0,(anonymous_13)
DA:5,0
DA:6,0
DA:7,0
DA:8,0
DA:10,0
DA:12,0
DA:15,0
DA:16,0
DA:17,0
DA:21,0
DA:27,0
DA:28,0
DA:29,0
DA:33,0
DA:35,0
DA:38,0
DA:41,0
DA:44,0
DA:47,0
DA:50,0
DA:53,0
DA:56,0
DA:60,0
DA:63,0
DA:65,0
DA:67,0
DA:68,0
DA:71,0
DA:72,0
DA:76,0
DA:80,0
DA:81,0
DA:83,0
DA:85,0
DA:86,0
DA:87,0
DA:88,0
DA:89,0
DA:91,0
DA:94,0
DA:96,0
DA:97,0
DA:102,0
DA:103,0
DA:105,0
DA:113,0
DA:114,0
DA:115,0
DA:117,0
DA:118,0
DA:120,0
DA:124,0
DA:125,0
DA:127,0
DA:130,0
DA:131,0
DA:133,0
DA:135,0
DA:136,0
DA:140,0
DA:141,0
DA:143,0
DA:146,0
DA:149,0
DA:154,0
DA:155,0
DA:156,0
DA:157,0
DA:160,0
DA:175,0
DA:180,0
DA:195,0
DA:196,0
DA:197,0
DA:200,0
DA:201,0
DA:204,0
DA:211,0
DA:214,0
LF:79
LH:0
BRDA:16,0,0,0
BRDA:58,1,0,0
BRDA:65,2,0,0
BRDA:65,2,1,0
BRDA:83,3,0,0
BRDA:83,3,1,0
BRDA:83,4,0,0
BRDA:83,4,1,0
BRDA:89,5,0,0
BRDA:89,5,1,0
BRDA:89,6,0,0
BRDA:89,6,1,0
BRDA:96,7,0,0
BRDA:96,8,0,0
BRDA:96,8,1,0
BRDA:96,9,0,0
BRDA:96,9,1,0
BRDA:114,10,0,0
BRDA:131,11,0,0
BRDA:131,11,1,0
BRDA:131,12,0,0
BRDA:131,12,1,0
BRDA:131,13,0,0
BRDA:131,13,1,0
BRDA:133,14,0,0
BRDA:196,15,0,0
BRDA:196,16,0,0
BRDA:196,16,1,0
BRDA:200,17,0,0
BRDA:200,18,0,0
BRDA:200,18,1,0
BRDA:204,19,0,0
BRDA:205,20,0,0
BRDA:205,20,1,0
BRDA:205,20,2,0
BRDA:205,20,3,0
BRDA:205,20,4,0
BRF:37
BRH:0
end_of_record
TN:
SF:src\widget-area.ts
FN:2,(anonymous_0)
FNF:1
FNH:0
FNDA:0,(anonymous_0)
DA:2,0
DA:3,0
DA:4,0
DA:5,0
DA:6,0
DA:7,0
DA:8,0
DA:9,0
LF:8
LH:0
BRDA:2,0,0,0
BRDA:2,0,1,0
BRF:2
BRH:0
end_of_record
TN:
SF:src\__tests__\errors.ts
FN:2,(anonymous_0)
FNF:1
FNH:0
FNDA:0,(anonymous_0)
DA:1,2
DA:3,0
LF:2
LH:1
BRF:0
BRH:0
end_of_record
TN:
SF:src\__tests__\helpers.ts
FN:17,(anonymous_7)
FN:20,(anonymous_8)
FN:32,(anonymous_9)
FN:37,(anonymous_10)
FNF:4
FNH:1
FNDA:4,(anonymous_7)
FNDA:0,(anonymous_8)
FNDA:0,(anonymous_9)
FNDA:0,(anonymous_10)
DA:1,2
DA:2,2
DA:3,2
DA:4,2
DA:17,2
DA:18,4
DA:21,0
DA:22,0
DA:23,0
DA:24,0
DA:25,0
DA:26,0
DA:28,0
DA:32,0
DA:33,0
DA:37,2
DA:41,0
DA:42,0
DA:43,0
DA:45,0
DA:46,0
DA:48,0
DA:50,0
DA:51,0
DA:55,0
LF:25
LH:7
BRDA:45,0,0,0
BRDA:48,1,0,0
BRDA:50,2,0,0
BRDA:50,2,1,0
BRF:4
BRH:0
end_of_record
TN:
SF:src\commands\assign.ts
FN:10,(anonymous_0)
FN:18,(anonymous_1)
FNF:2
FNH:0
FNDA:0,(anonymous_0)
FNDA:0,(anonymous_1)
DA:2,0
DA:5,0
DA:6,0
DA:7,0
DA:8,0
DA:10,0
DA:16,0
DA:19,0
DA:20,0
DA:22,0
DA:24,0
DA:25,0
DA:26,0
DA:29,0
DA:31,0
DA:32,0
DA:34,0
DA:37,0
DA:38,0
DA:39,0
DA:44,0
DA:49,0
DA:55,0
DA:57,0
DA:69,0
DA:71,0
DA:84,0
DA:90,0
DA:101,0
DA:103,0
DA:108,0
DA:113,0
DA:118,0
DA:127,0
DA:131,0
DA:136,0
LF:36
LH:0
BRDA:25,0,0,0
BRF:1
BRH:0
end_of_record
TN:
SF:src\commands\grade.ts
FN:16,(anonymous_0)
FN:17,(anonymous_1)
FN:37,(anonymous_2)
FN:46,(anonymous_3)
FNF:4
FNH:0
FNDA:0,(anonymous_0)
FNDA:0,(anonymous_1)
FNDA:0,(anonymous_2)
FNDA:0,(anonymous_3)
DA:2,0
DA:6,0
DA:7,0
DA:9,0
DA:13,0
DA:16,0
DA:17,0
DA:22,0
DA:23,0
DA:25,0
DA:26,0
DA:27,0
DA:28,0
DA:29,0
DA:30,0
DA:34,0
DA:37,0
DA:44,0
DA:47,0
DA:48,0
DA:50,0
DA:52,0
DA:53,0
DA:54,0
DA:57,0
DA:59,0
DA:60,0
DA:62,0
DA:64,0
DA:65,0
DA:66,0
DA:71,0
DA:74,0
DA:80,0
DA:82,0
DA:95,0
DA:97,0
DA:108,0
DA:109,0
DA:110,0
DA:115,0
DA:120,0
DA:124,0
DA:130,0
DA:135,0
DA:137,0
DA:151,0
DA:152,0
DA:154,0
DA:157,0
DA:160,0
DA:165,0
DA:167,0
DA:172,0
LF:54
LH:0
BRDA:22,0,0,0
BRDA:26,1,0,0
BRDA:26,2,0,0
BRDA:26,2,1,0
BRDA:53,3,0,0
BRF:5
BRH:0
end_of_record
TN:
SF:src\commands\helper.ts
FN:18,(anonymous_0)
FN:48,(anonymous_1)
FNF:2
FNH:0
FNDA:0,(anonymous_0)
FNDA:0,(anonymous_1)
DA:3,0
DA:4,0
DA:5,0
DA:7,0
DA:18,0
DA:22,0
DA:28,0
DA:34,0
DA:40,0
DA:48,0
DA:54,0
DA:55,0
DA:57,0
DA:58,0
DA:61,0
DA:68,0
DA:69,0
DA:70,0
DA:72,0
DA:74,0
DA:75,0
DA:78,0
DA:83,0
DA:86,0
LF:24
LH:0
BRDA:57,0,0,0
BRDA:68,1,0,0
BRDA:68,1,1,0
BRDA:72,2,0,0
BRF:4
BRH:0
end_of_record
TN:
SF:src\commands\index.ts
FN:10,(anonymous_0)
FNF:1
FNH:0
FNDA:0,(anonymous_0)
DA:5,0
DA:6,0
DA:7,0
DA:8,0
DA:10,0
DA:16,0
DA:18,0
DA:19,0
DA:26,0
LF:9
LH:0
BRF:0
BRH:0
end_of_record
TN:
SF:src\commands\run-all-cells.ts
FN:6,(anonymous_0)
FN:13,(anonymous_1)
FNF:2
FNH:0
FNDA:0,(anonymous_0)
FNDA:0,(anonymous_1)
DA:2,0
DA:4,0
DA:6,0
DA:11,0
DA:14,0
DA:16,0
DA:17,0
DA:18,0
DA:21,0
LF:9
LH:0
BRDA:16,0,0,0
BRF:1
BRH:0
end_of_record
TN:
SF:src\errors\task-errors.ts
FN:6,(anonymous_0)
FN:18,(anonymous_1)
FN:24,(anonymous_2)
FN:35,(anonymous_3)
FN:46,(anonymous_4)
FN:60,(anonymous_5)
FN:75,(anonymous_6)
FN:82,(anonymous_7)
FN:89,(anonymous_8)
FN:99,(anonymous_9)
FNF:10
FNH:0
FNDA:0,(anonymous_0)
FNDA:0,(anonymous_1)
FNDA:0,(anonymous_2)
FNDA:0,(anonymous_3)
FNDA:0,(anonymous_4)
FNDA:0,(anonymous_5)
FNDA:0,(anonymous_6)
FNDA:0,(anonymous_7)
FNDA:0,(anonymous_8)
FNDA:0,(anonymous_9)
DA:3,2
DA:5,2
DA:6,0
DA:8,0
DA:13,0
DA:17,2
DA:19,0
DA:20,0
DA:21,0
DA:23,0
DA:24,0
DA:28,0
DA:30,0
DA:34,2
DA:37,0
DA:41,0
DA:45,2
DA:47,0
DA:48,0
DA:51,0
DA:55,0
DA:59,2
DA:61,0
DA:62,0
DA:66,0
DA:70,0
DA:74,2
DA:75,0
DA:76,0
DA:77,0
DA:81,2
DA:83,0
DA:84,0
DA:88,2
DA:90,0
DA:91,0
DA:93,0
DA:94,0
DA:98,2
DA:99,0
DA:100,0
LF:41
LH:10
BRDA:37,0,0,0
BRDA:37,0,1,0
BRDA:66,1,0,0
BRDA:66,1,1,0
BRF:4
BRH:0
end_of_record
TN:
SF:src\locales\en.ts
FNF:0
FNH:0
DA:7,0
LF:1
LH:0
BRF:0
BRH:0
end_of_record
TN:
SF:src\locales\fr.ts
FNF:0
FNH:0
DA:7,0
LF:1
LH:0
BRF:0
BRH:0
end_of_record
